2023-05-21 21:29:30 info: the server started listining on port port 3092
2023-05-21 21:29:32 info: the server started listining on port port 3092
2023-05-21 21:29:34 info: stopping the server
2023-05-21 21:30:30 info: the server started listining on port port 3092
2023-05-21 21:30:38 info: stopping the server
2023-05-21 21:53:04 info: the server started listining on port port 3092
2023-05-21 21:53:13 info: a request has been made with the following uuid [1b8b4336-460f-455d-94a0-0f3e2cf527f8] /api/api/loadData/
2023-05-21 21:53:13 info: a request has been made and proccessed successfully at: Sun May 21 2023 21:53:13 GMT+0530 (India Standard Time)
2023-05-21 21:53:27 info: the server started listining on port port 3092
2023-05-21 21:53:31 info: a request has been made with the following uuid [bbdd9cfc-4368-4cf8-b241-f63a19c42bca] /api/api/loadData/
2023-05-21 21:53:31 info: a request has been made and proccessed successfully at: Sun May 21 2023 21:53:31 GMT+0530 (India Standard Time)
2023-05-21 21:54:37 info: the server started listining on port port 3092
2023-05-21 21:54:40 info: a request has been made with the following uuid [315d2142-05a0-44ae-a476-c3fc84fea4a1] /api/api/loadData/
2023-05-21 21:54:40 info: a request has been made and proccessed successfully at: Sun May 21 2023 21:54:40 GMT+0530 (India Standard Time)
2023-05-21 21:54:46 info: the server started listining on port port 3092
2023-05-21 21:55:48 info: the server started listining on port port 3092
2023-05-21 21:58:47 info: the server started listining on port port 3092
2023-05-21 21:59:27 info: the server started listining on port port 3092
2023-05-21 21:59:38 info: the server started listining on port port 3092
2023-05-21 22:00:27 info: the server started listining on port port 3092
2023-05-21 22:00:54 info: the server started listining on port port 3092
2023-05-21 22:01:27 info: the server started listining on port port 3092
2023-05-21 22:04:47 info: a request has been made with the following uuid [8d9513f7-d098-417e-85c7-fb4a9912922e] /api/api/loadData/
2023-05-21 22:04:53 info: a request has been made and proccessed successfully at: Sun May 21 2023 22:04:53 GMT+0530 (India Standard Time)
2023-05-21 23:13:00 info: the server started listining on port port 3092
2023-05-21 23:14:56 info: the server started listining on port port 3092
2023-05-21 23:15:08 info: the server started listining on port port 3092
2023-05-21 23:17:33 info: the server started listining on port port 3092
2023-05-21 23:18:22 info: the server started listining on port port 3092
2023-05-21 23:21:51 info: the server started listining on port port 3092
2023-05-21 23:22:02 info: the server started listining on port port 3092
2023-05-21 23:23:41 info: the server started listining on port port 3092
2023-05-21 23:24:27 info: the server started listining on port port 3092
2023-05-21 23:26:08 info: stopping the server
2023-05-21 23:27:23 info: the server started listining on port port 3092
2023-05-21 23:27:53 info: the server started listining on port port 3092
2023-05-21 23:28:16 info: the server started listining on port port 3092
2023-05-21 23:28:55 info: the server started listining on port port 3092
2023-05-21 23:30:30 info: the server started listining on port port 3092
2023-05-21 23:32:03 info: the server started listining on port port 3092
2023-05-21 23:32:21 info: stopping the server
2023-05-21 23:32:28 info: the server started listining on port port 3092
2023-05-21 23:32:48 info: the server started listining on port port 3092
2023-05-21 23:32:48 info: stopping the server
2023-05-21 23:32:51 info: the server started listining on port port 3092
2023-05-21 23:32:57 info: a request has been made with the following uuid [0e95fb37-1da3-4ec3-9fce-23e92c4d03ad] /api/api/transfer/transactions
2023-05-21 23:32:57 info: a request has been made and proccessed successfully at: Sun May 21 2023 23:32:57 GMT+0530 (India Standard Time)
2023-05-21 23:33:39 info: a request has been made with the following uuid [c7d2d3f8-9250-4f60-b88e-76631dda0a13] /api/api/transfer/transactions
2023-05-21 23:33:39 info: a request has been made and proccessed successfully at: Sun May 21 2023 23:33:39 GMT+0530 (India Standard Time)
2023-05-21 23:33:50 info: a request has been made with the following uuid [7908e338-4f05-43d3-af2f-77d492b8095a] /api/api/transfer/transactions/2c84bb97-cbd5-4965-9a9d-85e6689d8e89
2023-05-21 23:33:50 info: a request has been made and proccessed successfully at: Sun May 21 2023 23:33:50 GMT+0530 (India Standard Time)
2023-05-21 23:34:35 info: a request has been made with the following uuid [8c37b86f-82bd-4aad-9c5e-13411a3fa6b7] /api/api/loadData/
2023-05-21 23:34:38 info: a request has been made and proccessed successfully at: Sun May 21 2023 23:34:38 GMT+0530 (India Standard Time)
2023-05-21 23:35:32 info: the server started listining on port port 3092
2023-05-21 23:35:34 info: the server started listining on port port 3092
2023-05-21 23:35:43 info: the server started listining on port port 3092
2023-05-21 23:35:58 info: the server started listining on port port 3092
2023-05-21 23:36:02 info: the server started listining on port port 3092
2023-05-21 23:36:04 info: stopping the server
2023-05-21 23:36:18 info: the server started listining on port port 3092
2023-05-21 23:36:35 info: a request has been made with the following uuid [8efc315a-2577-4550-bb78-44feb6af7802] /api/api/loadData/getAllData
2023-05-21 23:36:35 info: a request has been made and proccessed successfully at: Sun May 21 2023 23:36:35 GMT+0530 (India Standard Time)
2023-05-21 23:37:14 info: a request has been made with the following uuid [5ce647f8-fa7b-4267-b20f-b84ddd8f61b0] /api/api/transfer/transactions
2023-05-21 23:37:15 info: a request has been made and proccessed successfully at: Sun May 21 2023 23:37:15 GMT+0530 (India Standard Time)
2023-05-21 23:37:26 info: a request has been made with the following uuid [80a6ade9-1d1b-4fd7-9633-a6e394dfcd81] /api/api/transfer/transactions
2023-05-21 23:37:26 info: a request has been made and proccessed successfully at: Sun May 21 2023 23:37:26 GMT+0530 (India Standard Time)
2023-05-21 23:37:36 info: a request has been made with the following uuid [1f4da46a-a36e-4aed-8d02-6c23e737d0df] /api/api/transfer/transactions/11b2f008-be3a-4e72-9514-4bbc6dd7162a
2023-05-21 23:37:37 info: a request has been made and proccessed successfully at: Sun May 21 2023 23:37:37 GMT+0530 (India Standard Time)
2023-05-21 23:37:48 info: a request has been made with the following uuid [1b09ab89-8c27-4d59-b20b-248c48a49fca] /api/api/loadData/getAllData
2023-05-21 23:37:48 info: a request has been made and proccessed successfully at: Sun May 21 2023 23:37:48 GMT+0530 (India Standard Time)
2023-05-21 23:38:59 info: the server started listining on port port 3092
2023-05-21 23:39:17 info: a request has been made with the following uuid [8a206b25-fda1-43a5-9a63-30927234bd3e] /api/api/loadData/
2023-05-21 23:39:20 info: a request has been made and proccessed successfully at: Sun May 21 2023 23:39:20 GMT+0530 (India Standard Time)
2023-05-21 23:39:23 info: a request has been made with the following uuid [410d4df6-0e9b-4e42-9d5d-4f6110510018] /api/api/loadData/getAllData
2023-05-21 23:39:23 info: a request has been made and proccessed successfully at: Sun May 21 2023 23:39:23 GMT+0530 (India Standard Time)
2023-05-21 23:39:34 info: a request has been made with the following uuid [9d9c55c1-4fcc-41ff-8567-e421f6c557f1] /api/api/transfer/transactions/11b2f008-be3a-4e72-9514-4bbc6dd7162a
2023-05-21 23:39:34 info: a request has been made and proccessed successfully at: Sun May 21 2023 23:39:34 GMT+0530 (India Standard Time)
2023-05-21 23:39:48 info: a request has been made with the following uuid [4b10b8a2-0075-489e-b930-228368252d3e] /api/api/transfer/transactions
2023-05-21 23:39:49 info: a request has been made and proccessed successfully at: Sun May 21 2023 23:39:49 GMT+0530 (India Standard Time)
2023-05-21 23:39:55 info: a request has been made with the following uuid [21c012aa-954b-4be2-bd5a-6d7e07280713] /api/api/transfer/transactions
2023-05-21 23:39:58 info: a request has been made and proccessed successfully at: Sun May 21 2023 23:39:58 GMT+0530 (India Standard Time)
2023-05-21 23:40:18 info: a request has been made with the following uuid [8d0b315c-734b-4048-8b16-0ad2a224d5f5] /api/api/loadData/getAllData
2023-05-21 23:40:19 info: a request has been made and proccessed successfully at: Sun May 21 2023 23:40:19 GMT+0530 (India Standard Time)
2023-05-21 23:40:28 info: the server started listining on port port 3092
2023-05-21 23:40:51 info: the server started listining on port port 3092
2023-05-21 23:41:00 info: a request has been made with the following uuid [c6da898f-376d-4498-b809-664f44b76445] /api/api/transfer/transactions
2023-05-21 23:41:00 info: a request has been made and proccessed successfully at: Sun May 21 2023 23:41:00 GMT+0530 (India Standard Time)
2023-05-21 23:41:05 info: a request has been made with the following uuid [cd7375ba-2f45-4d09-ad23-36718667306e] /api/api/transfer/transactions
2023-05-21 23:41:08 info: a request has been made and proccessed successfully at: Sun May 21 2023 23:41:08 GMT+0530 (India Standard Time)
2023-05-21 23:41:20 info: a request has been made with the following uuid [212e0bfc-8474-40fd-8aee-40451c0ee681] /api/api/loadData/getAllData
2023-05-21 23:41:20 info: a request has been made and proccessed successfully at: Sun May 21 2023 23:41:20 GMT+0530 (India Standard Time)
2023-05-21 23:41:51 info: the server started listining on port port 3092
2023-05-21 23:42:13 info: the server started listining on port port 3092
2023-05-21 23:42:25 info: the server started listining on port port 3092
2023-05-21 23:42:34 info: a request has been made with the following uuid [1adc06ba-8467-4434-a800-b61c8c57a0df] /api/api/transfer/transactions
2023-05-21 23:42:34 info: a request has been made and proccessed successfully at: Sun May 21 2023 23:42:34 GMT+0530 (India Standard Time)
2023-05-21 23:42:39 info: a request has been made with the following uuid [f0cd5c8f-fa08-4911-9462-422408a9e6be] /api/api/transfer/transactions
2023-05-21 23:43:54 info: the server started listining on port port 3092
2023-05-21 23:43:56 info: a request has been made with the following uuid [3aa69c67-c7e4-407a-a616-c10659df2a32] /api/api/transfer/transactions
2023-05-21 23:44:00 info: a request has been made and proccessed successfully at: Sun May 21 2023 23:44:00 GMT+0530 (India Standard Time)
2023-05-21 23:44:39 info: the server started listining on port port 3092
2023-05-21 23:45:09 info: a request has been made with the following uuid [9df3e4b1-d38a-4722-9c22-8dfabe34fb97] /api/api/transfer/transactions
2023-05-21 23:45:12 info: a request has been made and proccessed successfully at: Sun May 21 2023 23:45:12 GMT+0530 (India Standard Time)
2023-05-21 23:45:29 info: a request has been made with the following uuid [c8eaa035-1e29-45e5-919d-fde0b35b14e2] /api/api/loadData/getAllData
2023-05-21 23:45:29 info: a request has been made and proccessed successfully at: Sun May 21 2023 23:45:29 GMT+0530 (India Standard Time)
2023-05-21 23:45:51 info: a request has been made with the following uuid [cbd67fcb-0bbe-469d-9df5-c70bfceacca7] /api/api/transfer/transactions/14a40cca-0abc-42df-b860-01e6bc088866
2023-05-21 23:45:51 info: a request has been made and proccessed successfully at: Sun May 21 2023 23:45:51 GMT+0530 (India Standard Time)
2023-05-21 23:46:03 info: a request has been made with the following uuid [860fa2d6-cff6-404f-9f76-e9834b59a875] /api/api/transfer/transactions
2023-05-21 23:46:04 info: a request has been made and proccessed successfully at: Sun May 21 2023 23:46:04 GMT+0530 (India Standard Time)
2023-05-21 23:46:11 info: a request has been made with the following uuid [1771109c-180a-4406-bf4d-3a7a754064c0] /api/api/loadData/getAllData
2023-05-21 23:46:11 info: a request has been made and proccessed successfully at: Sun May 21 2023 23:46:11 GMT+0530 (India Standard Time)
2023-05-21 23:46:28 info: a request has been made with the following uuid [1dc87c9e-47d7-4f46-b258-d8346cc0f262] /api/api/transfer/transactions/14a40cca-0abc-42df-b860-01e6bc088866
2023-05-21 23:46:29 info: a request has been made and proccessed successfully at: Sun May 21 2023 23:46:29 GMT+0530 (India Standard Time)
2023-05-21 23:46:34 info: a request has been made with the following uuid [be49981f-808e-4eb7-a2d9-c9f64ceed235] /api/api/transfer/transactions
2023-05-21 23:46:35 info: a request has been made and proccessed successfully at: Sun May 21 2023 23:46:35 GMT+0530 (India Standard Time)
2023-05-21 23:46:56 info: the server started listining on port port 3092
2023-05-21 23:47:02 info: the server started listining on port port 3092
2023-05-21 23:47:24 info: a request has been made with the following uuid [0446dbf8-685a-4249-bfeb-2cd7aef04ef1] /api/api/transfer/transactions/82331209-9e6b-4096-850d-6d644948091e
2023-05-21 23:47:24 info: a request has been made and proccessed successfully at: Sun May 21 2023 23:47:24 GMT+0530 (India Standard Time)
2023-05-21 23:47:44 info: the server started listining on port port 3092
2023-05-21 23:47:52 info: the server started listining on port port 3092
2023-05-21 23:47:56 info: a request has been made with the following uuid [58414d40-5e80-4675-b961-64c14aa1426f] /api/api/transfer/transactions/82331209-9e6b-4096-850d-6d644948091e
2023-05-21 23:47:57 info: a request has been made and proccessed successfully at: Sun May 21 2023 23:47:57 GMT+0530 (India Standard Time)
2023-05-21 23:48:12 info: the server started listining on port port 3092
2023-05-21 23:48:15 info: a request has been made with the following uuid [c1c6ce64-71d7-422e-8475-e7be0855e16c] /api/api/transfer/transactions/82331209-9e6b-4096-850d-6d644948091e
2023-05-21 23:48:22 info: a request has been made and proccessed successfully at: Sun May 21 2023 23:48:22 GMT+0530 (India Standard Time)
2023-05-21 23:48:48 info: a request has been made with the following uuid [82b73349-ece4-4951-91f0-a793c7844d15] /api/api/transfer/transactions/ffc0387a-1541-4e4e-bf14-123a42e5bf57
2023-05-21 23:48:50 info: a request has been made and proccessed successfully at: Sun May 21 2023 23:48:50 GMT+0530 (India Standard Time)
2023-05-21 23:49:54 info: the server started listining on port port 3092
2023-05-21 23:50:50 info: a request has been made with the following uuid [1708b585-e892-4b52-896e-8bb6b0152f29] /api/api/transfer/transactions
2023-05-21 23:50:52 info: a request has been made and proccessed successfully at: Sun May 21 2023 23:50:52 GMT+0530 (India Standard Time)
2023-05-21 23:51:02 info: a request has been made with the following uuid [c904c6f1-4882-4059-97af-59a43e646e88] /api/api/loadData/getAllData
2023-05-21 23:51:02 info: a request has been made and proccessed successfully at: Sun May 21 2023 23:51:02 GMT+0530 (India Standard Time)
2023-05-21 23:51:09 info: a request has been made with the following uuid [f8b0450e-7ffb-4478-bab8-50c0a5e1d6df] /api/api/transfer/transactions
2023-05-21 23:51:19 info: a request has been made with the following uuid [0b3ca672-30a8-42b9-89f2-94aae130a2a0] /api/api/transfer/transactions
2023-05-21 23:51:22 info: a request has been made and proccessed successfully at: Sun May 21 2023 23:51:22 GMT+0530 (India Standard Time)
2023-05-21 23:51:59 info: a request has been made with the following uuid [f18c63e9-3ad5-4217-a7ae-79d95588bd14] /api/api/transfer/transactions
2023-05-21 23:52:00 info: a request has been made and proccessed successfully at: Sun May 21 2023 23:52:00 GMT+0530 (India Standard Time)
2023-05-21 23:52:05 info: a request has been made with the following uuid [bf28618a-ecd0-45a0-a942-f21aa77b08b1] /api/api/transfer/transactions/ad3bed60-d6ea-469e-b838-783678e85be4
2023-05-21 23:52:06 info: a request has been made and proccessed successfully at: Sun May 21 2023 23:52:06 GMT+0530 (India Standard Time)
2023-05-21 23:52:17 info: a request has been made with the following uuid [6e5ecf17-804d-4c61-88a1-c24382d58d90] /api/api/loadData/getAllData
2023-05-21 23:52:17 info: a request has been made and proccessed successfully at: Sun May 21 2023 23:52:17 GMT+0530 (India Standard Time)
2023-05-21 23:52:31 info: a request has been made with the following uuid [e6a8518a-db3d-4825-b0c3-e20fc8a6a2ed] /api/api/transfer/transactions/ad3bed60-d6ea-469e-b838-783678e85be4
2023-05-21 23:52:33 info: a request has been made and proccessed successfully at: Sun May 21 2023 23:52:33 GMT+0530 (India Standard Time)
2023-05-21 23:52:40 info: a request has been made with the following uuid [1f93c4a3-ff33-4b42-a33c-e4ae032ced59] /api/api/transfer/transactions
2023-05-21 23:52:41 info: a request has been made and proccessed successfully at: Sun May 21 2023 23:52:41 GMT+0530 (India Standard Time)
2023-05-21 23:52:47 info: a request has been made with the following uuid [06158f37-f0bc-4256-a7bf-22aeb65fae56] /api/api/transfer/transactions/ad3bed60-d6ea-469e-b838-783678e85be4
2023-05-21 23:52:47 info: a request has been made and proccessed successfully at: Sun May 21 2023 23:52:47 GMT+0530 (India Standard Time)
2023-05-21 23:53:05 info: the server started listining on port port 3092
2023-05-21 23:53:12 info: the server started listining on port port 3092
2023-05-21 23:53:21 info: stopping the server
2023-05-21 23:53:38 info: the server started listining on port port 3092
2023-05-21 23:54:20 info: a request has been made with the following uuid [6f83bf94-2284-43d1-a025-e941821560b4] /api/api/transfer/transactions
2023-05-21 23:54:21 info: a request has been made and proccessed successfully at: Sun May 21 2023 23:54:21 GMT+0530 (India Standard Time)
2023-05-21 23:54:27 info: a request has been made with the following uuid [548d26fd-2f10-4591-9986-37708288b6b0] /api/api/loadData/getAllData
2023-05-21 23:54:27 info: a request has been made and proccessed successfully at: Sun May 21 2023 23:54:27 GMT+0530 (India Standard Time)
2023-05-21 23:54:39 info: stopping the server
